2014-05-26 10:33:08 Error: [MissingControllerException] Controller class AddController could not be found.
Exception Attributes: array (
  'class' => 'AddController',
  'plugin' => NULL,
)
Request URL: /cakephp/add
Stack Trace:
#0 /var/www/smart-flyer.valexandru.com/public_html/cakephp/app/webroot/index.php(108): Dispatcher->dispatch(Object(CakeRequest), Object(CakeResponse))
#1 {main}
2014-05-26 10:33:15 Error: [MissingControllerException] Controller class UserController could not be found.
Exception Attributes: array (
  'class' => 'UserController',
  'plugin' => NULL,
)
Request URL: /cakephp/user
Stack Trace:
#0 /var/www/smart-flyer.valexandru.com/public_html/cakephp/app/webroot/index.php(108): Dispatcher->dispatch(Object(CakeRequest), Object(CakeResponse))
#1 {main}
2014-05-26 10:33:19 Error: [MissingControllerException] Controller class UsersController could not be found.
Exception Attributes: array (
  'class' => 'UsersController',
  'plugin' => NULL,
)
Request URL: /cakephp/users
Stack Trace:
#0 /var/www/smart-flyer.valexandru.com/public_html/cakephp/app/webroot/index.php(108): Dispatcher->dispatch(Object(CakeRequest), Object(CakeResponse))
#1 {main}
2014-05-26 11:15:23 Error: [MissingControllerException] Controller class UsersController could not be found.
Exception Attributes: array (
  'class' => 'UsersController',
  'plugin' => NULL,
)
Request URL: /cakephp/Users
Stack Trace:
#0 /var/www/smart-flyer.valexandru.com/public_html/cakephp/app/webroot/index.php(108): Dispatcher->dispatch(Object(CakeRequest), Object(CakeResponse))
#1 {main}
2014-05-26 11:38:46 Error: [MissingControllerException] Controller class UsersController could not be found.
Exception Attributes: array (
  'class' => 'UsersController',
  'plugin' => NULL,
)
Request URL: /cakephp/Users/
Stack Trace:
#0 /var/www/smart-flyer.valexandru.com/public_html/cakephp/app/webroot/index.php(108): Dispatcher->dispatch(Object(CakeRequest), Object(CakeResponse))
#1 {main}
2014-05-26 12:24:04 Error: [MissingControllerException] Controller class UsersController could not be found.
Exception Attributes: array (
  'class' => 'UsersController',
  'plugin' => NULL,
)
Request URL: /cakephp/Users
Stack Trace:
#0 /var/www/smart-flyer.valexandru.com/public_html/cakephp/app/webroot/index.php(108): Dispatcher->dispatch(Object(CakeRequest), Object(CakeResponse))
#1 {main}
2014-05-26 12:25:06 Error: [MissingViewException] View file "/var/www/smart-flyer.valexandru.com/public_html/cakephp/app/View/Users/index.ctp" is missing.
Exception Attributes: array (
  'file' => '/var/www/smart-flyer.valexandru.com/public_html/cakephp/app/View/Users/index.ctp',
)
Request URL: /cakephp/users
Stack Trace:
#0 /var/www/smart-flyer.valexandru.com/public_html/cakephp/lib/Cake/View/View.php(468): View->_getViewFileName(NULL)
#1 /var/www/smart-flyer.valexandru.com/public_html/cakephp/lib/Cake/Controller/Controller.php(954): View->render(NULL, NULL)
#2 /var/www/smart-flyer.valexandru.com/public_html/cakephp/lib/Cake/Routing/Dispatcher.php(198): Controller->render()
#3 /var/www/smart-flyer.valexandru.com/public_html/cakephp/lib/Cake/Routing/Dispatcher.php(165): Dispatcher->_invoke(Object(UsersController), Object(CakeRequest))
#4 /var/www/smart-flyer.valexandru.com/public_html/cakephp/app/webroot/index.php(108): Dispatcher->dispatch(Object(CakeRequest), Object(CakeResponse))
#5 {main}
2014-05-26 16:58:02 Error: [MissingActionException] Action UsersController::add.php() could not be found.
Exception Attributes: array (
  'controller' => 'UsersController',
  'action' => 'add.php',
)
Request URL: /cakephp/users/add.php
Stack Trace:
#0 /var/www/smart-flyer.valexandru.com/public_html/cakephp/lib/Cake/Routing/Dispatcher.php(191): Controller->invokeAction(Object(CakeRequest))
#1 /var/www/smart-flyer.valexandru.com/public_html/cakephp/lib/Cake/Routing/Dispatcher.php(165): Dispatcher->_invoke(Object(UsersController), Object(CakeRequest))
#2 /var/www/smart-flyer.valexandru.com/public_html/cakephp/app/webroot/index.php(108): Dispatcher->dispatch(Object(CakeRequest), Object(CakeResponse))
#3 {main}
2014-05-26 16:58:40 Error: [MissingViewException] View file "/var/www/smart-flyer.valexandru.com/public_html/cakephp/app/View/Users/login.ctp" is missing.
Exception Attributes: array (
  'file' => '/var/www/smart-flyer.valexandru.com/public_html/cakephp/app/View/Users/login.ctp',
)
Request URL: /cakephp/users/login
Stack Trace:
#0 /var/www/smart-flyer.valexandru.com/public_html/cakephp/lib/Cake/View/View.php(468): View->_getViewFileName(NULL)
#1 /var/www/smart-flyer.valexandru.com/public_html/cakephp/lib/Cake/Controller/Controller.php(954): View->render(NULL, NULL)
#2 /var/www/smart-flyer.valexandru.com/public_html/cakephp/lib/Cake/Routing/Dispatcher.php(198): Controller->render()
#3 /var/www/smart-flyer.valexandru.com/public_html/cakephp/lib/Cake/Routing/Dispatcher.php(165): Dispatcher->_invoke(Object(UsersController), Object(CakeRequest))
#4 /var/www/smart-flyer.valexandru.com/public_html/cakephp/app/webroot/index.php(108): Dispatcher->dispatch(Object(CakeRequest), Object(CakeResponse))
#5 {main}
2014-05-26 17:53:49 Error: [MissingActionException] Action UsersController::login.ctp"() could not be found.
Exception Attributes: array (
  'controller' => 'UsersController',
  'action' => 'login.ctp"',
)
Request URL: /cakephp/Users/login.ctp"
Stack Trace:
#0 /var/www/smart-flyer.valexandru.com/public_html/cakephp/lib/Cake/Routing/Dispatcher.php(191): Controller->invokeAction(Object(CakeRequest))
#1 /var/www/smart-flyer.valexandru.com/public_html/cakephp/lib/Cake/Routing/Dispatcher.php(165): Dispatcher->_invoke(Object(UsersController), Object(CakeRequest))
#2 /var/www/smart-flyer.valexandru.com/public_html/cakephp/app/webroot/index.php(108): Dispatcher->dispatch(Object(CakeRequest), Object(CakeResponse))
#3 {main}
2014-05-26 17:54:03 Error: [MissingActionException] Action UsersController::login.ctp"() could not be found.
Exception Attributes: array (
  'controller' => 'UsersController',
  'action' => 'login.ctp"',
)
Request URL: /cakephp/Users/login.ctp"
Stack Trace:
#0 /var/www/smart-flyer.valexandru.com/public_html/cakephp/lib/Cake/Routing/Dispatcher.php(191): Controller->invokeAction(Object(CakeRequest))
#1 /var/www/smart-flyer.valexandru.com/public_html/cakephp/lib/Cake/Routing/Dispatcher.php(165): Dispatcher->_invoke(Object(UsersController), Object(CakeRequest))
#2 /var/www/smart-flyer.valexandru.com/public_html/cakephp/app/webroot/index.php(108): Dispatcher->dispatch(Object(CakeRequest), Object(CakeResponse))
#3 {main}
2014-05-26 17:54:10 Error: [MissingActionException] Action UsersController::login.ctp() could not be found.
Exception Attributes: array (
  'controller' => 'UsersController',
  'action' => 'login.ctp',
)
Request URL: /cakephp/Users/login.ctp
Stack Trace:
#0 /var/www/smart-flyer.valexandru.com/public_html/cakephp/lib/Cake/Routing/Dispatcher.php(191): Controller->invokeAction(Object(CakeRequest))
#1 /var/www/smart-flyer.valexandru.com/public_html/cakephp/lib/Cake/Routing/Dispatcher.php(165): Dispatcher->_invoke(Object(UsersController), Object(CakeRequest))
#2 /var/www/smart-flyer.valexandru.com/public_html/cakephp/app/webroot/index.php(108): Dispatcher->dispatch(Object(CakeRequest), Object(CakeResponse))
#3 {main}
2014-05-26 17:55:23 Error: [MissingActionException] Action UsersController::logouyt() could not be found.
Exception Attributes: array (
  'controller' => 'UsersController',
  'action' => 'logouyt',
)
Request URL: /cakephp/Users/logouyt
Stack Trace:
#0 /var/www/smart-flyer.valexandru.com/public_html/cakephp/lib/Cake/Routing/Dispatcher.php(191): Controller->invokeAction(Object(CakeRequest))
#1 /var/www/smart-flyer.valexandru.com/public_html/cakephp/lib/Cake/Routing/Dispatcher.php(165): Dispatcher->_invoke(Object(UsersController), Object(CakeRequest))
#2 /var/www/smart-flyer.valexandru.com/public_html/cakephp/app/webroot/index.php(108): Dispatcher->dispatch(Object(CakeRequest), Object(CakeResponse))
#3 {main}
2014-05-26 17:55:29 Error: [MissingActionException] Action UsersController::loginm() could not be found.
Exception Attributes: array (
  'controller' => 'UsersController',
  'action' => 'loginm',
)
Request URL: /cakephp/Users/loginm
Stack Trace:
#0 /var/www/smart-flyer.valexandru.com/public_html/cakephp/lib/Cake/Routing/Dispatcher.php(191): Controller->invokeAction(Object(CakeRequest))
#1 /var/www/smart-flyer.valexandru.com/public_html/cakephp/lib/Cake/Routing/Dispatcher.php(165): Dispatcher->_invoke(Object(UsersController), Object(CakeRequest))
#2 /var/www/smart-flyer.valexandru.com/public_html/cakephp/app/webroot/index.php(108): Dispatcher->dispatch(Object(CakeRequest), Object(CakeResponse))
#3 {main}
2014-05-26 17:57:35 Error: [PrivateActionException] Private Action UsersController::redirect() is not directly accessible.
Exception Attributes: array (
  'controller' => 'UsersController',
  'action' => 'redirect',
)
Request URL: /cakephp/Users/redirect
Stack Trace:
#0 /var/www/smart-flyer.valexandru.com/public_html/cakephp/lib/Cake/Routing/Dispatcher.php(191): Controller->invokeAction(Object(CakeRequest))
#1 /var/www/smart-flyer.valexandru.com/public_html/cakephp/lib/Cake/Routing/Dispatcher.php(165): Dispatcher->_invoke(Object(UsersController), Object(CakeRequest))
#2 /var/www/smart-flyer.valexandru.com/public_html/cakephp/app/webroot/index.php(108): Dispatcher->dispatch(Object(CakeRequest), Object(CakeResponse))
#3 {main}
2014-05-26 18:09:25 Error: [MissingControllerException] Controller class LoginController could not be found.
Exception Attributes: array (
  'class' => 'LoginController',
  'plugin' => NULL,
)
Request URL: /cakephp/login
Stack Trace:
#0 /var/www/smart-flyer.valexandru.com/public_html/cakephp/app/webroot/index.php(108): Dispatcher->dispatch(Object(CakeRequest), Object(CakeResponse))
#1 {main}
2014-05-26 18:27:40 Error: [MissingControllerException] Controller class CssController could not be found.
Exception Attributes: array (
  'class' => 'CssController',
  'plugin' => NULL,
)
Request URL: /cakephp/css/cake.generic.css
Stack Trace:
#0 /var/www/smart-flyer.valexandru.com/public_html/cakephp/app/webroot/index.php(110): Dispatcher->dispatch(Object(CakeRequest), Object(CakeResponse))
#1 {main}
2014-05-26 18:27:40 Error: [MissingControllerException] Controller class ImgController could not be found.
Exception Attributes: array (
  'class' => 'ImgController',
  'plugin' => NULL,
)
Request URL: /cakephp/img/cake.power.gif
Stack Trace:
#0 /var/www/smart-flyer.valexandru.com/public_html/cakephp/app/webroot/index.php(110): Dispatcher->dispatch(Object(CakeRequest), Object(CakeResponse))
#1 {main}
2014-05-26 18:27:43 Error: [MissingControllerException] Controller class CssController could not be found.
Exception Attributes: array (
  'class' => 'CssController',
  'plugin' => NULL,
)
Request URL: /cakephp/css/cake.generic.css
Stack Trace:
#0 /var/www/smart-flyer.valexandru.com/public_html/cakephp/app/webroot/index.php(110): Dispatcher->dispatch(Object(CakeRequest), Object(CakeResponse))
#1 {main}
2014-05-26 18:27:43 Error: [MissingControllerException] Controller class ImgController could not be found.
Exception Attributes: array (
  'class' => 'ImgController',
  'plugin' => NULL,
)
Request URL: /cakephp/img/cake.power.gif
Stack Trace:
#0 /var/www/smart-flyer.valexandru.com/public_html/cakephp/app/webroot/index.php(110): Dispatcher->dispatch(Object(CakeRequest), Object(CakeResponse))
#1 {main}
2014-05-27 15:19:41 Error: [MissingActionException] Action UsersController::register() could not be found.
Exception Attributes: array (
  'controller' => 'UsersController',
  'action' => 'register',
)
Request URL: /cakephp/users/register
Stack Trace:
#0 /var/www/smart-flyer.valexandru.com/public_html/cakephp/lib/Cake/Routing/Dispatcher.php(191): Controller->invokeAction(Object(CakeRequest))
#1 /var/www/smart-flyer.valexandru.com/public_html/cakephp/lib/Cake/Routing/Dispatcher.php(165): Dispatcher->_invoke(Object(UsersController), Object(CakeRequest))
#2 /var/www/smart-flyer.valexandru.com/public_html/cakephp/app/webroot/index.php(108): Dispatcher->dispatch(Object(CakeRequest), Object(CakeResponse))
#3 {main}
2014-06-10 12:44:59 Error: [MissingActionException] Action UsersController::register() could not be found.
Exception Attributes: array (
  'controller' => 'UsersController',
  'action' => 'register',
)
Request URL: /cakephp/users/register
Stack Trace:
#0 /var/www/smart-flyer.valexandru.com/public_html/cakephp/lib/Cake/Routing/Dispatcher.php(191): Controller->invokeAction(Object(CakeRequest))
#1 /var/www/smart-flyer.valexandru.com/public_html/cakephp/lib/Cake/Routing/Dispatcher.php(165): Dispatcher->_invoke(Object(UsersController), Object(CakeRequest))
#2 /var/www/smart-flyer.valexandru.com/public_html/cakephp/app/webroot/index.php(108): Dispatcher->dispatch(Object(CakeRequest), Object(CakeResponse))
#3 {main}
2014-06-10 12:49:58 Error: [MissingControllerException] Controller class UsersController could not be found.
Exception Attributes: array (
  'class' => 'UsersController',
  'plugin' => NULL,
)
Request URL: /cakephp/users/login
Stack Trace:
#0 /var/www/smart-flyer.valexandru.com/public_html/cakephp/app/webroot/index.php(108): Dispatcher->dispatch(Object(CakeRequest), Object(CakeResponse))
#1 {main}
2014-06-10 12:50:01 Error: [MissingControllerException] Controller class PagesController could not be found.
Exception Attributes: array (
  'class' => 'PagesController',
  'plugin' => NULL,
)
Request URL: /cakephp/
Stack Trace:
#0 /var/www/smart-flyer.valexandru.com/public_html/cakephp/app/webroot/index.php(108): Dispatcher->dispatch(Object(CakeRequest), Object(CakeResponse))
#1 {main}
2014-06-10 13:14:15 Error: [MissingPluginException] Plugin DebugKit could not be found.
Exception Attributes: array (
  'plugin' => 'DebugKit',
)
Request URL: /cakephp/
Stack Trace:
#0 /var/www/smart-flyer.valexandru.com/public_html/cakephp/lib/Cake/Core/App.php(365): CakePlugin::path('DebugKit')
#1 /var/www/smart-flyer.valexandru.com/public_html/cakephp/lib/Cake/Core/App.php(226): App::pluginPath('DebugKit')
#2 /var/www/smart-flyer.valexandru.com/public_html/cakephp/lib/Cake/Core/App.php(547): App::path('Controller/Comp...', 'DebugKit')
#3 [internal function]: App::load('ToolbarComponen...')
#4 [internal function]: spl_autoload_call('ToolbarComponen...')
#5 /var/www/smart-flyer.valexandru.com/public_html/cakephp/lib/Cake/Controller/ComponentCollection.php(110): class_exists('ToolbarComponen...')
#6 /var/www/smart-flyer.valexandru.com/public_html/cakephp/lib/Cake/Controller/ComponentCollection.php(53): ComponentCollection->load('DebugKit.Toolba...', Array)
#7 /var/www/smart-flyer.valexandru.com/public_html/cakephp/lib/Cake/Controller/Controller.php(643): ComponentCollection->init(Object(UsersController))
#8 /var/www/smart-flyer.valexandru.com/public_html/cakephp/lib/Cake/Routing/Dispatcher.php(186): Controller->constructClasses()
#9 /var/www/smart-flyer.valexandru.com/public_html/cakephp/lib/Cake/Routing/Dispatcher.php(165): Dispatcher->_invoke(Object(UsersController), Object(CakeRequest))
#10 /var/www/smart-flyer.valexandru.com/public_html/cakephp/app/webroot/index.php(108): Dispatcher->dispatch(Object(CakeRequest), Object(CakeResponse))
#11 {main}
2014-06-10 14:30:12 Error: Fatal Error (4): syntax error, unexpected ')' in [/var/www/smart-flyer.valexandru.com/public_html/cakephp/app/View/Users/edit.ctp, line 14]
2014-06-10 14:30:12 Error: [FatalErrorException] syntax error, unexpected ')'
Request URL: /cakephp/users/edit/2
Stack Trace:
#0 /var/www/smart-flyer.valexandru.com/public_html/cakephp/lib/Cake/Error/ErrorHandler.php(203): ErrorHandler::handleFatalError(4, 'syntax error, u...', '/var/www/smart-...', 14)
#1 [internal function]: ErrorHandler::handleError(4, 'syntax error, u...', '/var/www/smart-...', 14, Array)
#2 /var/www/smart-flyer.valexandru.com/public_html/cakephp/lib/Cake/Core/App.php(929): call_user_func('ErrorHandler::h...', 4, 'syntax error, u...', '/var/www/smart-...', 14, Array)
#3 /var/www/smart-flyer.valexandru.com/public_html/cakephp/lib/Cake/Core/App.php(902): App::_checkFatalError()
#4 [internal function]: App::shutdown()
#5 {main}
2014-06-10 15:51:41 Error: [MissingControllerException] Controller class CakephpController could not be found.
Exception Attributes: array (
  'class' => 'CakephpController',
  'plugin' => NULL,
)
Request URL: /cakephp/cakephp/dashboard
Stack Trace:
#0 /var/www/smart-flyer.valexandru.com/public_html/cakephp/app/webroot/index.php(108): Dispatcher->dispatch(Object(CakeRequest), Object(CakeResponse))
#1 {main}
2014-06-10 15:51:56 Error: [MissingControllerException] Controller class CakephpController could not be found.
Exception Attributes: array (
  'class' => 'CakephpController',
  'plugin' => NULL,
)
Request URL: /cakephp/cakephp/dashboard
Stack Trace:
#0 /var/www/smart-flyer.valexandru.com/public_html/cakephp/app/webroot/index.php(108): Dispatcher->dispatch(Object(CakeRequest), Object(CakeResponse))
#1 {main}
2014-06-10 15:52:10 Error: [MissingControllerException] Controller class UserController could not be found.
Exception Attributes: array (
  'class' => 'UserController',
  'plugin' => NULL,
)
Request URL: /cakephp/user/dashboard
Stack Trace:
#0 /var/www/smart-flyer.valexandru.com/public_html/cakephp/app/webroot/index.php(108): Dispatcher->dispatch(Object(CakeRequest), Object(CakeResponse))
#1 {main}
2014-06-10 15:52:16 Error: [MissingActionException] Action UsersController::dashboard() could not be found.
Exception Attributes: array (
  'controller' => 'UsersController',
  'action' => 'dashboard',
)
Request URL: /cakephp/users/dashboard
Stack Trace:
#0 /var/www/smart-flyer.valexandru.com/public_html/cakephp/lib/Cake/Routing/Dispatcher.php(191): Controller->invokeAction(Object(CakeRequest))
#1 /var/www/smart-flyer.valexandru.com/public_html/cakephp/lib/Cake/Routing/Dispatcher.php(165): Dispatcher->_invoke(Object(UsersController), Object(CakeRequest))
#2 /var/www/smart-flyer.valexandru.com/public_html/cakephp/app/webroot/index.php(108): Dispatcher->dispatch(Object(CakeRequest), Object(CakeResponse))
#3 {main}
2014-06-10 15:52:23 Error: [MissingControllerException] Controller class CakephpController could not be found.
Exception Attributes: array (
  'class' => 'CakephpController',
  'plugin' => NULL,
)
Request URL: /cakephp/cakephp/dashboard
Stack Trace:
#0 /var/www/smart-flyer.valexandru.com/public_html/cakephp/app/webroot/index.php(108): Dispatcher->dispatch(Object(CakeRequest), Object(CakeResponse))
#1 {main}
2014-06-10 15:52:35 Error: [MissingControllerException] Controller class CakephpController could not be found.
Exception Attributes: array (
  'class' => 'CakephpController',
  'plugin' => NULL,
)
Request URL: /cakephp/cakephp/dashboard
Stack Trace:
#0 /var/www/smart-flyer.valexandru.com/public_html/cakephp/app/webroot/index.php(108): Dispatcher->dispatch(Object(CakeRequest), Object(CakeResponse))
#1 {main}
2014-06-10 15:52:47 Error: [MissingControllerException] Controller class CakephpController could not be found.
Exception Attributes: array (
  'class' => 'CakephpController',
  'plugin' => NULL,
)
Request URL: /cakephp/cakephp/dashboard
Stack Trace:
#0 /var/www/smart-flyer.valexandru.com/public_html/cakephp/app/webroot/index.php(108): Dispatcher->dispatch(Object(CakeRequest), Object(CakeResponse))
#1 {main}
2014-06-10 15:54:50 Error: [MissingControllerException] Controller class CakephpController could not be found.
Exception Attributes: array (
  'class' => 'CakephpController',
  'plugin' => NULL,
)
Request URL: /cakephp/cakephp/dashboard
Stack Trace:
#0 /var/www/smart-flyer.valexandru.com/public_html/cakephp/app/webroot/index.php(108): Dispatcher->dispatch(Object(CakeRequest), Object(CakeResponse))
#1 {main}
2014-07-18 08:01:27 Error: Fatal Error (4): syntax error, unexpected '.', expecting ')' in [/var/www/smart-flyer.valexandru.com/public_html/cakephp/app/Model/User.php, line 10]
2014-07-18 08:01:27 Error: [FatalErrorException] syntax error, unexpected '.', expecting ')'
Request URL: /cakephp/dashboard
Stack Trace:
#0 /var/www/smart-flyer.valexandru.com/public_html/cakephp/lib/Cake/Error/ErrorHandler.php(203): ErrorHandler::handleFatalError(4, 'syntax error, u...', '/var/www/smart-...', 10)
#1 [internal function]: ErrorHandler::handleError(4, 'syntax error, u...', '/var/www/smart-...', 10, Array)
#2 /var/www/smart-flyer.valexandru.com/public_html/cakephp/lib/Cake/Core/App.php(929): call_user_func('ErrorHandler::h...', 4, 'syntax error, u...', '/var/www/smart-...', 10, Array)
#3 /var/www/smart-flyer.valexandru.com/public_html/cakephp/lib/Cake/Core/App.php(902): App::_checkFatalError()
#4 [internal function]: App::shutdown()
#5 {main}
2014-07-18 08:02:36 Error: Fatal Error (4): syntax error, unexpected '.', expecting ')' in [/var/www/smart-flyer.valexandru.com/public_html/cakephp/app/Model/User.php, line 10]
2014-07-18 08:02:36 Error: [FatalErrorException] syntax error, unexpected '.', expecting ')'
Request URL: /cakephp/dashboard
Stack Trace:
#0 /var/www/smart-flyer.valexandru.com/public_html/cakephp/lib/Cake/Error/ErrorHandler.php(203): ErrorHandler::handleFatalError(4, 'syntax error, u...', '/var/www/smart-...', 10)
#1 [internal function]: ErrorHandler::handleError(4, 'syntax error, u...', '/var/www/smart-...', 10, Array)
#2 /var/www/smart-flyer.valexandru.com/public_html/cakephp/lib/Cake/Core/App.php(929): call_user_func('ErrorHandler::h...', 4, 'syntax error, u...', '/var/www/smart-...', 10, Array)
#3 /var/www/smart-flyer.valexandru.com/public_html/cakephp/lib/Cake/Core/App.php(902): App::_checkFatalError()
#4 [internal function]: App::shutdown()
#5 {main}
2014-07-18 08:04:13 Error: [MissingTableException] Table products for model Product was not found in datasource default.
Exception Attributes: array (
  'table' => 'products',
  'class' => 'Product',
  'ds' => 'default',
)
Request URL: /cakephp/products/add
Stack Trace:
#0 /var/www/smart-flyer.valexandru.com/public_html/cakephp/lib/Cake/Model/Model.php(3501): Model->setSource('products')
#1 /var/www/smart-flyer.valexandru.com/public_html/cakephp/lib/Cake/Model/Model.php(1357): Model->getDataSource()
#2 /var/www/smart-flyer.valexandru.com/public_html/cakephp/lib/Cake/View/Helper/FormHelper.php(215): Model->schema()
#3 /var/www/smart-flyer.valexandru.com/public_html/cakephp/lib/Cake/View/Helper/FormHelper.php(467): FormHelper->_introspectModel('Product', 'fields')
#4 /var/www/smart-flyer.valexandru.com/public_html/cakephp/app/View/Products/add.ctp(3): FormHelper->create('Product')
#5 /var/www/smart-flyer.valexandru.com/public_html/cakephp/lib/Cake/View/View.php(948): include('/var/www/smart-...')
#6 /var/www/smart-flyer.valexandru.com/public_html/cakephp/lib/Cake/View/View.php(910): View->_evaluate('/var/www/smart-...', Array)
#7 /var/www/smart-flyer.valexandru.com/public_html/cakephp/lib/Cake/View/View.php(471): View->_render('/var/www/smart-...')
#8 /var/www/smart-flyer.valexandru.com/public_html/cakephp/lib/Cake/Controller/Controller.php(954): View->render(NULL, NULL)
#9 /var/www/smart-flyer.valexandru.com/public_html/cakephp/lib/Cake/Routing/Dispatcher.php(198): Controller->render()
#10 /var/www/smart-flyer.valexandru.com/public_html/cakephp/lib/Cake/Routing/Dispatcher.php(165): Dispatcher->_invoke(Object(ProductsController), Object(CakeRequest))
#11 /var/www/smart-flyer.valexandru.com/public_html/cakephp/app/webroot/index.php(108): Dispatcher->dispatch(Object(CakeRequest), Object(CakeResponse))
#12 {main}
2014-07-18 08:58:06 Error: Fatal Error (4): syntax error, unexpected ';', expecting ')' in [/var/www/smart-flyer.valexandru.com/public_html/cakephp/app/Controller/UsersController.php, line 59]
2014-07-18 08:58:06 Error: [FatalErrorException] syntax error, unexpected ';', expecting ')'
Request URL: /cakephp/Users/add
Stack Trace:
#0 /var/www/smart-flyer.valexandru.com/public_html/cakephp/lib/Cake/Error/ErrorHandler.php(203): ErrorHandler::handleFatalError(4, 'syntax error, u...', '/var/www/smart-...', 59)
#1 [internal function]: ErrorHandler::handleError(4, 'syntax error, u...', '/var/www/smart-...', 59, Array)
#2 /var/www/smart-flyer.valexandru.com/public_html/cakephp/lib/Cake/Core/App.php(929): call_user_func('ErrorHandler::h...', 4, 'syntax error, u...', '/var/www/smart-...', 59, Array)
#3 /var/www/smart-flyer.valexandru.com/public_html/cakephp/lib/Cake/Core/App.php(902): App::_checkFatalError()
#4 [internal function]: App::shutdown()
#5 {main}
2014-07-18 09:20:45 Error: [MissingControllerException] Controller class AddController could not be found.
Exception Attributes: array (
  'class' => 'AddController',
  'plugin' => NULL,
)
Request URL: /cakephp/add
Stack Trace:
#0 /var/www/smart-flyer.valexandru.com/public_html/cakephp/app/webroot/index.php(108): Dispatcher->dispatch(Object(CakeRequest), Object(CakeResponse))
#1 {main}
2014-07-18 09:20:50 Error: [MissingControllerException] Controller class CakephpController could not be found.
Exception Attributes: array (
  'class' => 'CakephpController',
  'plugin' => NULL,
)
Request URL: /cakephp/cakephp/dashboard
Stack Trace:
#0 /var/www/smart-flyer.valexandru.com/public_html/cakephp/app/webroot/index.php(108): Dispatcher->dispatch(Object(CakeRequest), Object(CakeResponse))
#1 {main}
2014-07-18 09:23:28 Error: [MissingControllerException] Controller class CakephpController could not be found.
Exception Attributes: array (
  'class' => 'CakephpController',
  'plugin' => NULL,
)
Request URL: /cakephp/cakephp/dashboard
Stack Trace:
#0 /var/www/smart-flyer.valexandru.com/public_html/cakephp/app/webroot/index.php(108): Dispatcher->dispatch(Object(CakeRequest), Object(CakeResponse))
#1 {main}
2014-07-23 16:59:09 Error: Fatal Error (4): syntax error, unexpected 'list' (T_LIST), expecting identifier (T_STRING) in [/var/www/smart-flyer.valexandru.com/public_html/cakephp/app/Controller/ProductsController.php, line 49]
2014-07-23 16:59:09 Error: [FatalErrorException] syntax error, unexpected 'list' (T_LIST), expecting identifier (T_STRING)
Request URL: /cakephp/products/list
Stack Trace:
#0 /var/www/smart-flyer.valexandru.com/public_html/cakephp/lib/Cake/Error/ErrorHandler.php(203): ErrorHandler::handleFatalError(4, 'syntax error, u...', '/var/www/smart-...', 49)
#1 [internal function]: ErrorHandler::handleError(4, 'syntax error, u...', '/var/www/smart-...', 49, Array)
#2 /var/www/smart-flyer.valexandru.com/public_html/cakephp/lib/Cake/Core/App.php(929): call_user_func('ErrorHandler::h...', 4, 'syntax error, u...', '/var/www/smart-...', 49, Array)
#3 /var/www/smart-flyer.valexandru.com/public_html/cakephp/lib/Cake/Core/App.php(902): App::_checkFatalError()
#4 [internal function]: App::shutdown()
#5 {main}
2014-07-23 17:10:45 Error: [PDOException] SQLSTATE[42S22]: Column not found: 1054 Unknown column 'Array' in 'where clause'
Request URL: /cakephp/products/show
Stack Trace:
#0 /var/www/smart-flyer.valexandru.com/public_html/cakephp/lib/Cake/Model/Datasource/DboSource.php(458): PDOStatement->execute(Array)
#1 /var/www/smart-flyer.valexandru.com/public_html/cakephp/lib/Cake/Model/Datasource/DboSource.php(424): DboSource->_execute('SELECT `Product...', Array)
#2 /var/www/smart-flyer.valexandru.com/public_html/cakephp/lib/Cake/Model/Datasource/DboSource.php(666): DboSource->execute('SELECT `Product...', Array, Array)
#3 /var/www/smart-flyer.valexandru.com/public_html/cakephp/lib/Cake/Model/Datasource/DboSource.php(1106): DboSource->fetchAll('SELECT `Product...', false)
#4 /var/www/smart-flyer.valexandru.com/public_html/cakephp/lib/Cake/Model/Model.php(2905): DboSource->read(Object(Product), Array)
#5 /var/www/smart-flyer.valexandru.com/public_html/cakephp/lib/Cake/Model/Model.php(2877): Model->_readDataSource('all', Array)
#6 /var/www/smart-flyer.valexandru.com/public_html/cakephp/app/Controller/ProductsController.php(61): Model->find('all', Array)
#7 [internal function]: ProductsController->show()
#8 /var/www/smart-flyer.valexandru.com/public_html/cakephp/lib/Cake/Controller/Controller.php(490): ReflectionMethod->invokeArgs(Object(ProductsController), Array)
#9 /var/www/smart-flyer.valexandru.com/public_html/cakephp/lib/Cake/Routing/Dispatcher.php(191): Controller->invokeAction(Object(CakeRequest))
#10 /var/www/smart-flyer.valexandru.com/public_html/cakephp/lib/Cake/Routing/Dispatcher.php(165): Dispatcher->_invoke(Object(ProductsController), Object(CakeRequest))
#11 /var/www/smart-flyer.valexandru.com/public_html/cakephp/app/webroot/index.php(108): Dispatcher->dispatch(Object(CakeRequest), Object(CakeResponse))
#12 {main}
2014-07-23 17:13:19 Error: Fatal Error (4): syntax error, unexpected '[' in [/var/www/smart-flyer.valexandru.com/public_html/cakephp/app/Controller/ProductsController.php, line 57]
2014-07-23 17:13:19 Error: [FatalErrorException] syntax error, unexpected '['
Request URL: /cakephp/products/show
Stack Trace:
#0 /var/www/smart-flyer.valexandru.com/public_html/cakephp/lib/Cake/Error/ErrorHandler.php(203): ErrorHandler::handleFatalError(4, 'syntax error, u...', '/var/www/smart-...', 57)
#1 [internal function]: ErrorHandler::handleError(4, 'syntax error, u...', '/var/www/smart-...', 57, Array)
#2 /var/www/smart-flyer.valexandru.com/public_html/cakephp/lib/Cake/Core/App.php(929): call_user_func('ErrorHandler::h...', 4, 'syntax error, u...', '/var/www/smart-...', 57, Array)
#3 /var/www/smart-flyer.valexandru.com/public_html/cakephp/lib/Cake/Core/App.php(902): App::_checkFatalError()
#4 [internal function]: App::shutdown()
#5 {main}
2014-07-23 17:25:20 Error: [MissingControllerException] Controller class ProductController could not be found.
Exception Attributes: array (
  'class' => 'ProductController',
  'plugin' => NULL,
)
Request URL: /cakephp/Product/edit/id:1
Stack Trace:
#0 /var/www/smart-flyer.valexandru.com/public_html/cakephp/app/webroot/index.php(108): Dispatcher->dispatch(Object(CakeRequest), Object(CakeResponse))
#1 {main}
2014-07-23 17:25:45 Error: [MissingControllerException] Controller class ProductController could not be found.
Exception Attributes: array (
  'class' => 'ProductController',
  'plugin' => NULL,
)
Request URL: /cakephp/Product/edit/1
Stack Trace:
#0 /var/www/smart-flyer.valexandru.com/public_html/cakephp/app/webroot/index.php(108): Dispatcher->dispatch(Object(CakeRequest), Object(CakeResponse))
#1 {main}
2014-07-23 17:42:16 Error: [MissingViewException] View file "/var/www/smart-flyer.valexandru.com/public_html/cakephp/app/View/Products/delete.ctp" is missing.
Exception Attributes: array (
  'file' => '/var/www/smart-flyer.valexandru.com/public_html/cakephp/app/View/Products/delete.ctp',
)
Request URL: /cakephp/Products/delete/16
Stack Trace:
#0 /var/www/smart-flyer.valexandru.com/public_html/cakephp/lib/Cake/View/View.php(468): View->_getViewFileName(NULL)
#1 /var/www/smart-flyer.valexandru.com/public_html/cakephp/lib/Cake/Controller/Controller.php(954): View->render(NULL, NULL)
#2 /var/www/smart-flyer.valexandru.com/public_html/cakephp/lib/Cake/Routing/Dispatcher.php(198): Controller->render()
#3 /var/www/smart-flyer.valexandru.com/public_html/cakephp/lib/Cake/Routing/Dispatcher.php(165): Dispatcher->_invoke(Object(ProductsController), Object(CakeRequest))
#4 /var/www/smart-flyer.valexandru.com/public_html/cakephp/app/webroot/index.php(108): Dispatcher->dispatch(Object(CakeRequest), Object(CakeResponse))
#5 {main}
2014-07-23 17:45:14 Error: Fatal Error (1): Call to undefined method View::redirect() in [/var/www/smart-flyer.valexandru.com/public_html/cakephp/app/View/Products/delete.ctp, line 2]
2014-07-23 17:45:14 Error: [FatalErrorException] Call to undefined method View::redirect()
Request URL: /cakephp/Products/delete/16
Stack Trace:
#0 /var/www/smart-flyer.valexandru.com/public_html/cakephp/lib/Cake/Error/ErrorHandler.php(203): ErrorHandler::handleFatalError(1, 'Call to undefin...', '/var/www/smart-...', 2)
#1 [internal function]: ErrorHandler::handleError(1, 'Call to undefin...', '/var/www/smart-...', 2, Array)
#2 /var/www/smart-flyer.valexandru.com/public_html/cakephp/lib/Cake/Core/App.php(929): call_user_func('ErrorHandler::h...', 1, 'Call to undefin...', '/var/www/smart-...', 2, Array)
#3 /var/www/smart-flyer.valexandru.com/public_html/cakephp/lib/Cake/Core/App.php(902): App::_checkFatalError()
#4 [internal function]: App::shutdown()
#5 {main}
2014-07-23 19:34:11 Error: [MissingControllerException] Controller class ShowController could not be found.
Exception Attributes: array (
  'class' => 'ShowController',
  'plugin' => NULL,
)
Request URL: /cakephp/show
Stack Trace:
#0 /var/www/smart-flyer.valexandru.com/public_html/cakephp/app/webroot/index.php(108): Dispatcher->dispatch(Object(CakeRequest), Object(CakeResponse))
#1 {main}
2014-07-24 20:40:38 Error: Fatal Error (4): syntax error, unexpected '');' (T_CONSTANT_ENCAPSED_STRING) in [/var/www/smart-flyer.valexandru.com/public_html/cakephp/app/View/Layouts/default.ctp, line 34]
2014-07-24 20:40:38 Error: [FatalErrorException] syntax error, unexpected '');' (T_CONSTANT_ENCAPSED_STRING)
Request URL: /cakephp/users/add
Stack Trace:
#0 /var/www/smart-flyer.valexandru.com/public_html/cakephp/lib/Cake/Error/ErrorHandler.php(203): ErrorHandler::handleFatalError(4, 'syntax error, u...', '/var/www/smart-...', 34)
#1 [internal function]: ErrorHandler::handleError(4, 'syntax error, u...', '/var/www/smart-...', 34, Array)
#2 /var/www/smart-flyer.valexandru.com/public_html/cakephp/lib/Cake/Core/App.php(929): call_user_func('ErrorHandler::h...', 4, 'syntax error, u...', '/var/www/smart-...', 34, Array)
#3 /var/www/smart-flyer.valexandru.com/public_html/cakephp/lib/Cake/Core/App.php(902): App::_checkFatalError()
#4 [internal function]: App::shutdown()
#5 {main}
2014-07-24 20:44:30 Error: [MissingControllerException] Controller class CakephpController could not be found.
Exception Attributes: array (
  'class' => 'CakephpController',
  'plugin' => NULL,
)
Request URL: /cakephp/cakephp/users/icon2.png
Stack Trace:
#0 /var/www/smart-flyer.valexandru.com/public_html/cakephp/app/webroot/index.php(108): Dispatcher->dispatch(Object(CakeRequest), Object(CakeResponse))
#1 {main}
2014-07-24 20:44:31 Error: [MissingControllerException] Controller class CakephpController could not be found.
Exception Attributes: array (
  'class' => 'CakephpController',
  'plugin' => NULL,
)
Request URL: /cakephp/cakephp/users/icon2.png
Stack Trace:
#0 /var/www/smart-flyer.valexandru.com/public_html/cakephp/app/webroot/index.php(108): Dispatcher->dispatch(Object(CakeRequest), Object(CakeResponse))
#1 {main}
2014-07-24 20:44:45 Error: [MissingControllerException] Controller class CakephpController could not be found.
Exception Attributes: array (
  'class' => 'CakephpController',
  'plugin' => NULL,
)
Request URL: /cakephp/cakephp/users/icon3.png
Stack Trace:
#0 /var/www/smart-flyer.valexandru.com/public_html/cakephp/app/webroot/index.php(108): Dispatcher->dispatch(Object(CakeRequest), Object(CakeResponse))
#1 {main}
2014-07-24 20:44:45 Error: [MissingControllerException] Controller class CakephpController could not be found.
Exception Attributes: array (
  'class' => 'CakephpController',
  'plugin' => NULL,
)
Request URL: /cakephp/cakephp/users/icon3.png
Stack Trace:
#0 /var/www/smart-flyer.valexandru.com/public_html/cakephp/app/webroot/index.php(108): Dispatcher->dispatch(Object(CakeRequest), Object(CakeResponse))
#1 {main}
2014-07-24 20:47:20 Error: [MissingControllerException] Controller class Icon2.pngController could not be found.
Exception Attributes: array (
  'class' => 'Icon2.pngController',
  'plugin' => NULL,
)
Request URL: /cakephp/icon2.png
Stack Trace:
#0 /var/www/smart-flyer.valexandru.com/public_html/cakephp/app/webroot/index.php(108): Dispatcher->dispatch(Object(CakeRequest), Object(CakeResponse))
#1 {main}
2014-07-24 20:47:20 Error: [MissingControllerException] Controller class Icon2.pngController could not be found.
Exception Attributes: array (
  'class' => 'Icon2.pngController',
  'plugin' => NULL,
)
Request URL: /cakephp/icon2.png
Stack Trace:
#0 /var/www/smart-flyer.valexandru.com/public_html/cakephp/app/webroot/index.php(108): Dispatcher->dispatch(Object(CakeRequest), Object(CakeResponse))
#1 {main}
2014-07-24 20:47:54 Error: [MissingControllerException] Controller class Icon3.pngController could not be found.
Exception Attributes: array (
  'class' => 'Icon3.pngController',
  'plugin' => NULL,
)
Request URL: /cakephp/icon3.png
Stack Trace:
#0 /var/www/smart-flyer.valexandru.com/public_html/cakephp/app/webroot/index.php(108): Dispatcher->dispatch(Object(CakeRequest), Object(CakeResponse))
#1 {main}
2014-07-24 20:47:54 Error: [MissingControllerException] Controller class Icon3.pngController could not be found.
Exception Attributes: array (
  'class' => 'Icon3.pngController',
  'plugin' => NULL,
)
Request URL: /cakephp/icon3.png
Stack Trace:
#0 /var/www/smart-flyer.valexandru.com/public_html/cakephp/app/webroot/index.php(108): Dispatcher->dispatch(Object(CakeRequest), Object(CakeResponse))
#1 {main}
2014-07-24 20:50:49 Error: [MissingControllerException] Controller class Smartflyer.icoController could not be found.
Exception Attributes: array (
  'class' => 'Smartflyer.icoController',
  'plugin' => NULL,
)
Request URL: /cakephp/smartflyer.ico
Stack Trace:
#0 /var/www/smart-flyer.valexandru.com/public_html/cakephp/app/webroot/index.php(108): Dispatcher->dispatch(Object(CakeRequest), Object(CakeResponse))
#1 {main}
2014-07-24 20:50:50 Error: [MissingControllerException] Controller class Smartflyer.icoController could not be found.
Exception Attributes: array (
  'class' => 'Smartflyer.icoController',
  'plugin' => NULL,
)
Request URL: /cakephp/smartflyer.ico
Stack Trace:
#0 /var/www/smart-flyer.valexandru.com/public_html/cakephp/app/webroot/index.php(108): Dispatcher->dispatch(Object(CakeRequest), Object(CakeResponse))
#1 {main}
